{"meta": {"format": 3, "version": "7.13.1", "timestamp": "2026-01-09T22:06:54.881994", "branch_coverage": false, "show_contexts": false}, "files": {"api/services.py": {"executed_lines": [21, 22, 23, 24, 25, 26, 27, 28, 29, 34, 35, 36, 37, 38, 42, 43, 48, 49, 50, 55, 65, 66, 67, 76, 102, 103, 106, 107, 108, 109, 112, 119, 120, 121, 125, 128, 129, 131, 132, 133, 134, 135, 136, 139, 140, 141, 142, 143, 145, 146, 147, 148, 149, 150, 153, 154, 156, 157, 158, 159, 160, 161, 164, 165, 167, 169, 170, 172, 173, 175, 176, 178, 179, 183, 189, 190, 191, 196, 204, 206, 207, 208, 209, 210, 211, 212, 214, 229, 250, 251, 252, 253, 256, 258, 259, 262, 263, 264, 266, 267, 269, 270, 273, 274, 275, 276, 277, 279, 282, 283, 288, 291, 292, 293, 294, 295, 296, 297, 299, 300, 303, 304, 305, 309, 310, 315, 319, 320, 321, 322, 323, 324, 325, 326, 329, 330, 331, 332, 333, 334, 336, 342, 343, 344, 345, 351, 352, 353, 358, 364, 365, 366, 367, 368, 369, 373, 374, 375, 376, 377, 386, 387, 388, 390, 392, 395, 396, 399, 400, 405, 406, 407, 408, 409, 412, 413, 414, 415, 416, 417, 418, 423, 428, 433, 434, 435, 436, 437, 438, 440, 446, 447, 448, 449, 450, 451, 452, 455, 456, 457, 458, 459, 460, 463, 464, 465, 471, 474, 502, 503, 504, 505, 508, 509, 510, 511, 513, 522, 523, 524, 525, 526, 527, 548, 570, 572, 573, 574, 575, 579, 580, 581, 582, 585, 588, 592, 593, 596, 597, 598, 601, 602, 603, 609, 610, 611, 612, 614, 615, 616, 619, 620, 621, 633, 634, 635, 643, 644, 645, 646, 647, 655, 656, 657, 660, 662, 665, 666, 667, 668, 669, 670, 671, 672, 819, 845, 848, 849, 851, 852, 854, 855, 858, 859, 864, 867, 869, 870, 872, 873, 876, 877, 878, 879, 880, 881, 889, 890, 891, 892, 893, 895, 896, 897, 1078, 1091, 1092, 1093, 1095, 1096, 1097, 1098, 1101, 1102, 1103, 1107, 1108, 1110, 1111, 1233, 1244, 1245, 1246, 1247, 1248, 1250, 1251, 1252, 1253, 1555, 1556, 1557], "summary": {"covered_lines": 332, "num_statements": 836, "percent_covered": 39.71291866028708, "percent_covered_display": "39.71", "missing_lines": 504, "excluded_lines": 0, "percent_statements_covered": 39.71291866028708, "percent_statements_covered_display": "39.71"}, "missing_lines": [113, 114, 115, 116, 122, 123, 184, 185, 186, 192, 193, 346, 347, 348, 354, 355, 356, 391, 393, 419, 420, 429, 430, 466, 467, 468, 507, 514, 516, 517, 518, 520, 521, 530, 535, 586, 604, 605, 606, 636, 637, 638, 640, 648, 649, 650, 652, 661, 663, 673, 674, 677, 678, 679, 680, 683, 688, 690, 691, 692, 693, 694, 695, 696, 697, 700, 701, 702, 703, 704, 705, 707, 708, 709, 710, 711, 712, 713, 714, 715, 718, 719, 720, 721, 722, 723, 725, 726, 727, 728, 729, 730, 733, 735, 736, 737, 742, 743, 744, 745, 746, 747, 748, 749, 750, 753, 754, 755, 756, 757, 758, 760, 761, 762, 763, 764, 765, 768, 769, 782, 783, 784, 785, 787, 788, 789, 790, 791, 793, 794, 796, 797, 798, 800, 801, 802, 803, 804, 805, 806, 807, 809, 861, 882, 883, 884, 886, 894, 900, 901, 902, 903, 905, 906, 907, 908, 910, 911, 914, 915, 916, 917, 920, 921, 922, 923, 924, 925, 928, 929, 930, 931, 934, 935, 940, 943, 951, 952, 953, 956, 957, 959, 960, 962, 963, 965, 966, 967, 968, 970, 971, 974, 975, 978, 983, 985, 986, 987, 988, 989, 990, 993, 994, 995, 996, 997, 998, 1000, 1001, 1002, 1003, 1004, 1005, 1008, 1009, 1025, 1026, 1027, 1028, 1030, 1032, 1033, 1034, 1035, 1038, 1039, 1042, 1043, 1044, 1047, 1048, 1049, 1050, 1051, 1052, 1053, 1054, 1056, 1057, 1058, 1060, 1113, 1116, 1117, 1118, 1120, 1122, 1123, 1125, 1126, 1128, 1129, 1130, 1131, 1132, 1134, 1136, 1137, 1138, 1142, 1146, 1147, 1152, 1154, 1155, 1156, 1161, 1162, 1167, 1168, 1175, 1176, 1177, 1178, 1179, 1183, 1186, 1187, 1188, 1189, 1190, 1191, 1192, 1193, 1194, 1196, 1199, 1210, 1219, 1220, 1221, 1222, 1223, 1256, 1257, 1258, 1259, 1260, 1263, 1264, 1265, 1266, 1267, 1268, 1271, 1272, 1273, 1274, 1277, 1278, 1279, 1280, 1281, 1282, 1284, 1285, 1286, 1291, 1292, 1293, 1294, 1296, 1297, 1298, 1299, 1300, 1301, 1303, 1304, 1305, 1307, 1310, 1311, 1312, 1313, 1314, 1315, 1316, 1317, 1318, 1319, 1320, 1321, 1322, 1323, 1324, 1325, 1326, 1327, 1330, 1331, 1332, 1333, 1334, 1335, 1336, 1341, 1342, 1343, 1351, 1352, 1353, 1354, 1355, 1356, 1359, 1360, 1361, 1362, 1363, 1364, 1369, 1370, 1371, 1372, 1373, 1374, 1376, 1379, 1380, 1381, 1382, 1383, 1384, 1386, 1387, 1388, 1389, 1390, 1391, 1392, 1393, 1395, 1396, 1397, 1398, 1399, 1400, 1402, 1403, 1404, 1405, 1406, 1407, 1408, 1409, 1410, 1411, 1412, 1413, 1414, 1415, 1416, 1424, 1425, 1426, 1427, 1428, 1429, 1431, 1434, 1435, 1437, 1438, 1439, 1440, 1442, 1444, 1445, 1446, 1447, 1448, 1449, 1450, 1453, 1456, 1457, 1458, 1463, 1466, 1467, 1468, 1469, 1472, 1473, 1476, 1477, 1479, 1480, 1481, 1482, 1484, 1485, 1486, 1487, 1488, 1489, 1490, 1491, 1492, 1493, 1494, 1495, 1496, 1497, 1498, 1499, 1500, 1501, 1502, 1503, 1504, 1505, 1506, 1507, 1508, 1509, 1510, 1511, 1513, 1517, 1518, 1519, 1520, 1521, 1522, 1524, 1527, 1532, 1533, 1534, 1535, 1536, 1537, 1540, 1544, 1545, 1546, 1547, 1548, 1549, 1550, 1551, 1553], "excluded_lines": [], "functions": {"create_experiment_logic": {"executed_lines": [102, 103, 106, 107, 108, 109, 112, 119, 120, 121, 125, 128, 129, 131, 132, 133, 134, 135, 136, 139, 140, 141, 142, 143, 145, 146, 147, 148, 149, 150, 153, 154, 156, 157, 158, 159, 160, 161, 164, 165, 167, 169, 170, 172, 173, 175, 176, 178, 179, 183, 189, 190, 191, 196, 204, 206, 207, 208, 209, 210, 211, 212, 214], "summary": {"covered_lines": 63, "num_statements": 74, "percent_covered": 85.13513513513513, "percent_covered_display": "85.14", "missing_lines": 11, "excluded_lines": 0, "percent_statements_covered": 85.13513513513513, "percent_statements_covered_display": "85.14"}, "missing_lines": [113, 114, 115, 116, 122, 123, 184, 185, 186, 192, 193], "excluded_lines": [], "start_line": 76}, "upload_and_clean_csv_logic": {"executed_lines": [250, 251, 252, 253, 256, 258, 259, 262, 263, 264, 266, 267, 269, 270, 273, 274, 275, 276, 277, 279, 282, 283, 288, 291, 292, 293, 294, 295, 296, 297, 299, 300, 303, 304, 305, 309, 310, 315, 319, 320, 321, 322, 323, 324, 325, 326, 329, 330, 331, 332, 333, 334, 336, 342, 343, 344, 345, 351, 352, 353, 358, 364, 365, 366, 367, 368, 369, 373, 374, 375, 376, 377, 386, 387, 388, 390, 392, 395, 396, 399, 400, 405, 406, 407, 408, 409, 412, 413, 414, 415, 416, 417, 418, 423, 428, 433, 434, 435, 436, 437, 438, 440, 446, 447, 448, 449, 450, 451, 452, 455, 456, 457, 458, 459, 460, 463, 464, 465, 471, 474, 502, 503, 504, 505, 508, 509, 510, 511, 513, 522, 523, 524, 525, 526, 527], "summary": {"covered_lines": 135, "num_statements": 159, "percent_covered": 84.90566037735849, "percent_covered_display": "84.91", "missing_lines": 24, "excluded_lines": 0, "percent_statements_covered": 84.90566037735849, "percent_statements_covered_display": "84.91"}, "missing_lines": [346, 347, 348, 354, 355, 356, 391, 393, 419, 420, 429, 430, 466, 467, 468, 507, 514, 516, 517, 518, 520, 521, 530, 535], "excluded_lines": [], "start_line": 229}, "generate_eda_logic": {"executed_lines": [570, 572, 573, 574, 575, 579, 580, 581, 582, 585, 588, 592, 593, 596, 597, 598, 601, 602, 603, 609, 610, 611, 612, 614, 615, 616, 619, 620, 621, 633, 634, 635, 643, 644, 645, 646, 647, 655, 656, 657, 660, 662, 665, 666, 667, 668, 669, 670, 671, 672], "summary": {"covered_lines": 50, "num_statements": 157, "percent_covered": 31.84713375796178, "percent_covered_display": "31.85", "missing_lines": 107, "excluded_lines": 0, "percent_statements_covered": 31.84713375796178, "percent_statements_covered_display": "31.85"}, "missing_lines": [586, 604, 605, 606, 636, 637, 638, 640, 648, 649, 650, 652, 661, 663, 673, 674, 677, 678, 679, 680, 683, 688, 690, 691, 692, 693, 694, 695, 696, 697, 700, 701, 702, 703, 704, 705, 707, 708, 709, 710, 711, 712, 713, 714, 715, 718, 719, 720, 721, 722, 723, 725, 726, 727, 728, 729, 730, 733, 735, 736, 737, 742, 743, 744, 745, 746, 747, 748, 749, 750, 753, 754, 755, 756, 757, 758, 760, 761, 762, 763, 764, 765, 768, 769, 782, 783, 784, 785, 787, 788, 789, 790, 791, 793, 794, 796, 797, 798, 800, 801, 802, 803, 804, 805, 806, 807, 809], "excluded_lines": [], "start_line": 548}, "encode_csv_logic": {"executed_lines": [845, 848, 849, 851, 852, 854, 855, 858, 859, 864, 867, 869, 870, 872, 873, 876, 877, 878, 879, 880, 881, 889, 890, 891, 892, 893, 895, 896, 897], "summary": {"covered_lines": 29, "num_statements": 128, "percent_covered": 22.65625, "percent_covered_display": "22.66", "missing_lines": 99, "excluded_lines": 0, "percent_statements_covered": 22.65625, "percent_statements_covered_display": "22.66"}, "missing_lines": [861, 882, 883, 884, 886, 894, 900, 901, 902, 903, 905, 906, 907, 908, 910, 911, 914, 915, 916, 917, 920, 921, 922, 923, 924, 925, 928, 929, 930, 931, 934, 935, 940, 943, 951, 952, 953, 956, 957, 959, 960, 962, 963, 965, 966, 967, 968, 970, 971, 974, 975, 978, 983, 985, 986, 987, 988, 989, 990, 993, 994, 995, 996, 997, 998, 1000, 1001, 1002, 1003, 1004, 1005, 1008, 1009, 1025, 1026, 1027, 1028, 1030, 1032, 1033, 1034, 1035, 1038, 1039, 1042, 1043, 1044, 1047, 1048, 1049, 1050, 1051, 1052, 1053, 1054, 1056, 1057, 1058, 1060], "excluded_lines": [], "start_line": 819}, "train_model_logic": {"executed_lines": [1091, 1092, 1093, 1095, 1096, 1097, 1098, 1101, 1102, 1103, 1107, 1108, 1110, 1111], "summary": {"covered_lines": 14, "num_statements": 66, "percent_covered": 21.21212121212121, "percent_covered_display": "21.21", "missing_lines": 52, "excluded_lines": 0, "percent_statements_covered": 21.21212121212121, "percent_statements_covered_display": "21.21"}, "missing_lines": [1113, 1116, 1117, 1118, 1120, 1122, 1123, 1125, 1126, 1128, 1129, 1130, 1131, 1132, 1134, 1136, 1137, 1138, 1142, 1146, 1147, 1152, 1154, 1155, 1156, 1161, 1162, 1167, 1168, 1175, 1176, 1177, 1178, 1179, 1183, 1186, 1187, 1188, 1189, 1190, 1191, 1192, 1193, 1194, 1196, 1199, 1210, 1219, 1220, 1221, 1222, 1223], "excluded_lines": [], "start_line": 1078}, "run_pipeline_logic": {"executed_lines": [1244, 1245, 1246, 1247, 1248, 1250, 1251, 1252, 1253, 1555, 1556, 1557], "summary": {"covered_lines": 12, "num_statements": 199, "percent_covered": 6.030150753768845, "percent_covered_display": "6.03", "missing_lines": 187, "excluded_lines": 0, "percent_statements_covered": 6.030150753768845, "percent_statements_covered_display": "6.03"}, "missing_lines": [1256, 1257, 1258, 1259, 1260, 1263, 1264, 1265, 1266, 1267, 1268, 1271, 1272, 1273, 1274, 1277, 1278, 1279, 1280, 1281, 1282, 1284, 1285, 1286, 1291, 1292, 1293, 1294, 1296, 1297, 1298, 1299, 1300, 1301, 1303, 1304, 1305, 1307, 1310, 1311, 1312, 1315, 1322, 1323, 1324, 1325, 1326, 1327, 1330, 1331, 1332, 1333, 1334, 1335, 1336, 1341, 1342, 1343, 1351, 1352, 1353, 1354, 1355, 1356, 1359, 1360, 1361, 1362, 1363, 1364, 1369, 1370, 1371, 1372, 1373, 1374, 1376, 1379, 1380, 1381, 1382, 1383, 1384, 1386, 1387, 1388, 1389, 1390, 1391, 1392, 1393, 1395, 1396, 1397, 1398, 1399, 1400, 1402, 1403, 1406, 1413, 1414, 1415, 1416, 1424, 1425, 1426, 1427, 1428, 1429, 1431, 1434, 1435, 1437, 1438, 1439, 1440, 1442, 1444, 1445, 1446, 1447, 1448, 1449, 1450, 1453, 1456, 1457, 1458, 1463, 1466, 1467, 1468, 1469, 1472, 1473, 1476, 1477, 1479, 1480, 1481, 1482, 1484, 1485, 1486, 1487, 1488, 1489, 1490, 1491, 1494, 1501, 1502, 1503, 1504, 1505, 1506, 1507, 1508, 1509, 1510, 1511, 1513, 1517, 1518, 1519, 1520, 1521, 1522, 1524, 1527, 1532, 1533, 1534, 1535, 1536, 1537, 1540, 1544, 1545, 1546, 1547, 1548, 1549, 1550, 1551, 1553], "excluded_lines": [], "start_line": 1233}, "run_pipeline_logic.PseudoFile.__init__": {"executed_lines": [], "summary": {"covered_lines": 0, "num_statements": 2, "percent_covered": 0.0, "percent_covered_display": "0.00", "missing_lines": 2, "excluded_lines": 0, "percent_statements_covered": 0.0, "percent_statements_covered_display": "0.00"}, "missing_lines": [1313, 1314], "excluded_lines": [], "start_line": 1312}, "run_pipeline_logic.PseudoFile.chunks": {"executed_lines": [], "summary": {"covered_lines": 0, "num_statements": 6, "percent_covered": 0.0, "percent_covered_display": "0.00", "missing_lines": 6, "excluded_lines": 0, "percent_statements_covered": 0.0, "percent_statements_covered_display": "0.00"}, "missing_lines": [1316, 1317, 1318, 1319, 1320, 1321], "excluded_lines": [], "start_line": 1315}, "run_pipeline_logic.PseudoFileEncoding.__init__": {"executed_lines": [], "summary": {"covered_lines": 0, "num_statements": 2, "percent_covered": 0.0, "percent_covered_display": "0.00", "missing_lines": 2, "excluded_lines": 0, "percent_statements_covered": 0.0, "percent_statements_covered_display": "0.00"}, "missing_lines": [1404, 1405], "excluded_lines": [], "start_line": 1403}, "run_pipeline_logic.PseudoFileEncoding.chunks": {"executed_lines": [], "summary": {"covered_lines": 0, "num_statements": 6, "percent_covered": 0.0, "percent_covered_display": "0.00", "missing_lines": 6, "excluded_lines": 0, "percent_statements_covered": 0.0, "percent_statements_covered_display": "0.00"}, "missing_lines": [1407, 1408, 1409, 1410, 1411, 1412], "excluded_lines": [], "start_line": 1406}, "run_pipeline_logic.PseudoFileTraining.__init__": {"executed_lines": [], "summary": {"covered_lines": 0, "num_statements": 2, "percent_covered": 0.0, "percent_covered_display": "0.00", "missing_lines": 2, "excluded_lines": 0, "percent_statements_covered": 0.0, "percent_statements_covered_display": "0.00"}, "missing_lines": [1492, 1493], "excluded_lines": [], "start_line": 1491}, "run_pipeline_logic.PseudoFileTraining.chunks": {"executed_lines": [], "summary": {"covered_lines": 0, "num_statements": 6, "percent_covered": 0.0, "percent_covered_display": "0.00", "missing_lines": 6, "excluded_lines": 0, "percent_statements_covered": 0.0, "percent_statements_covered_display": "0.00"}, "missing_lines": [1495, 1496, 1497, 1498, 1499, 1500], "excluded_lines": [], "start_line": 1494}, "": {"executed_lines": [21, 22, 23, 24, 25, 26, 27, 28, 29, 34, 35, 36, 37, 38, 42, 43, 48, 49, 50, 55, 65, 66, 67, 76, 229, 548, 819, 1078, 1233], "summary": {"covered_lines": 29, "num_statements": 29, "percent_covered": 100.0, "percent_covered_display": "100.00", "missing_lines": 0, "excluded_lines": 0, "percent_statements_covered": 100.0, "percent_statements_covered_display": "100.00"}, "missing_lines": [], "excluded_lines": [], "start_line": 1}}, "classes": {"run_pipeline_logic.PseudoFile": {"executed_lines": [], "summary": {"covered_lines": 0, "num_statements": 8, "percent_covered": 0.0, "percent_covered_display": "0.00", "missing_lines": 8, "excluded_lines": 0, "percent_statements_covered": 0.0, "percent_statements_covered_display": "0.00"}, "missing_lines": [1313, 1314, 1316, 1317, 1318, 1319, 1320, 1321], "excluded_lines": [], "start_line": 1311}, "run_pipeline_logic.PseudoFileEncoding": {"executed_lines": [], "summary": {"covered_lines": 0, "num_statements": 8, "percent_covered": 0.0, "percent_covered_display": "0.00", "missing_lines": 8, "excluded_lines": 0, "percent_statements_covered": 0.0, "percent_statements_covered_display": "0.00"}, "missing_lines": [1404, 1405, 1407, 1408, 1409, 1410, 1411, 1412], "excluded_lines": [], "start_line": 1402}, "run_pipeline_logic.PseudoFileTraining": {"executed_lines": [], "summary": {"covered_lines": 0, "num_statements": 8, "percent_covered": 0.0, "percent_covered_display": "0.00", "missing_lines": 8, "excluded_lines": 0, "percent_statements_covered": 0.0, "percent_statements_covered_display": "0.00"}, "missing_lines": [1492, 1493, 1495, 1496, 1497, 1498, 1499, 1500], "excluded_lines": [], "start_line": 1490}, "": {"executed_lines": [21, 22, 23, 24, 25, 26, 27, 28, 29, 34, 35, 36, 37, 38, 42, 43, 48, 49, 50, 55, 65, 66, 67, 76, 102, 103, 106, 107, 108, 109, 112, 119, 120, 121, 125, 128, 129, 131, 132, 133, 134, 135, 136, 139, 140, 141, 142, 143, 145, 146, 147, 148, 149, 150, 153, 154, 156, 157, 158, 159, 160, 161, 164, 165, 167, 169, 170, 172, 173, 175, 176, 178, 179, 183, 189, 190, 191, 196, 204, 206, 207, 208, 209, 210, 211, 212, 214, 229, 250, 251, 252, 253, 256, 258, 259, 262, 263, 264, 266, 267, 269, 270, 273, 274, 275, 276, 277, 279, 282, 283, 288, 291, 292, 293, 294, 295, 296, 297, 299, 300, 303, 304, 305, 309, 310, 315, 319, 320, 321, 322, 323, 324, 325, 326, 329, 330, 331, 332, 333, 334, 336, 342, 343, 344, 345, 351, 352, 353, 358, 364, 365, 366, 367, 368, 369, 373, 374, 375, 376, 377, 386, 387, 388, 390, 392, 395, 396, 399, 400, 405, 406, 407, 408, 409, 412, 413, 414, 415, 416, 417, 418, 423, 428, 433, 434, 435, 436, 437, 438, 440, 446, 447, 448, 449, 450, 451, 452, 455, 456, 457, 458, 459, 460, 463, 464, 465, 471, 474, 502, 503, 504, 505, 508, 509, 510, 511, 513, 522, 523, 524, 525, 526, 527, 548, 570, 572, 573, 574, 575, 579, 580, 581, 582, 585, 588, 592, 593, 596, 597, 598, 601, 602, 603, 609, 610, 611, 612, 614, 615, 616, 619, 620, 621, 633, 634, 635, 643, 644, 645, 646, 647, 655, 656, 657, 660, 662, 665, 666, 667, 668, 669, 670, 671, 672, 819, 845, 848, 849, 851, 852, 854, 855, 858, 859, 864, 867, 869, 870, 872, 873, 876, 877, 878, 879, 880, 881, 889, 890, 891, 892, 893, 895, 896, 897, 1078, 1091, 1092, 1093, 1095, 1096, 1097, 1098, 1101, 1102, 1103, 1107, 1108, 1110, 1111, 1233, 1244, 1245, 1246, 1247, 1248, 1250, 1251, 1252, 1253, 1555, 1556, 1557], "summary": {"covered_lines": 332, "num_statements": 812, "percent_covered": 40.88669950738916, "percent_covered_display": "40.89", "missing_lines": 480, "excluded_lines": 0, "percent_statements_covered": 40.88669950738916, "percent_statements_covered_display": "40.89"}, "missing_lines": [113, 114, 115, 116, 122, 123, 184, 185, 186, 192, 193, 346, 347, 348, 354, 355, 356, 391, 393, 419, 420, 429, 430, 466, 467, 468, 507, 514, 516, 517, 518, 520, 521, 530, 535, 586, 604, 605, 606, 636, 637, 638, 640, 648, 649, 650, 652, 661, 663, 673, 674, 677, 678, 679, 680, 683, 688, 690, 691, 692, 693, 694, 695, 696, 697, 700, 701, 702, 703, 704, 705, 707, 708, 709, 710, 711, 712, 713, 714, 715, 718, 719, 720, 721, 722, 723, 725, 726, 727, 728, 729, 730, 733, 735, 736, 737, 742, 743, 744, 745, 746, 747, 748, 749, 750, 753, 754, 755, 756, 757, 758, 760, 761, 762, 763, 764, 765, 768, 769, 782, 783, 784, 785, 787, 788, 789, 790, 791, 793, 794, 796, 797, 798, 800, 801, 802, 803, 804, 805, 806, 807, 809, 861, 882, 883, 884, 886, 894, 900, 901, 902, 903, 905, 906, 907, 908, 910, 911, 914, 915, 916, 917, 920, 921, 922, 923, 924, 925, 928, 929, 930, 931, 934, 935, 940, 943, 951, 952, 953, 956, 957, 959, 960, 962, 963, 965, 966, 967, 968, 970, 971, 974, 975, 978, 983, 985, 986, 987, 988, 989, 990, 993, 994, 995, 996, 997, 998, 1000, 1001, 1002, 1003, 1004, 1005, 1008, 1009, 1025, 1026, 1027, 1028, 1030, 1032, 1033, 1034, 1035, 1038, 1039, 1042, 1043, 1044, 1047, 1048, 1049, 1050, 1051, 1052, 1053, 1054, 1056, 1057, 1058, 1060, 1113, 1116, 1117, 1118, 1120, 1122, 1123, 1125, 1126, 1128, 1129, 1130, 1131, 1132, 1134, 1136, 1137, 1138, 1142, 1146, 1147, 1152, 1154, 1155, 1156, 1161, 1162, 1167, 1168, 1175, 1176, 1177, 1178, 1179, 1183, 1186, 1187, 1188, 1189, 1190, 1191, 1192, 1193, 1194, 1196, 1199, 1210, 1219, 1220, 1221, 1222, 1223, 1256, 1257, 1258, 1259, 1260, 1263, 1264, 1265, 1266, 1267, 1268, 1271, 1272, 1273, 1274, 1277, 1278, 1279, 1280, 1281, 1282, 1284, 1285, 1286, 1291, 1292, 1293, 1294, 1296, 1297, 1298, 1299, 1300, 1301, 1303, 1304, 1305, 1307, 1310, 1311, 1312, 1315, 1322, 1323, 1324, 1325, 1326, 1327, 1330, 1331, 1332, 1333, 1334, 1335, 1336, 1341, 1342, 1343, 1351, 1352, 1353, 1354, 1355, 1356, 1359, 1360, 1361, 1362, 1363, 1364, 1369, 1370, 1371, 1372, 1373, 1374, 1376, 1379, 1380, 1381, 1382, 1383, 1384, 1386, 1387, 1388, 1389, 1390, 1391, 1392, 1393, 1395, 1396, 1397, 1398, 1399, 1400, 1402, 1403, 1406, 1413, 1414, 1415, 1416, 1424, 1425, 1426, 1427, 1428, 1429, 1431, 1434, 1435, 1437, 1438, 1439, 1440, 1442, 1444, 1445, 1446, 1447, 1448, 1449, 1450, 1453, 1456, 1457, 1458, 1463, 1466, 1467, 1468, 1469, 1472, 1473, 1476, 1477, 1479, 1480, 1481, 1482, 1484, 1485, 1486, 1487, 1488, 1489, 1490, 1491, 1494, 1501, 1502, 1503, 1504, 1505, 1506, 1507, 1508, 1509, 1510, 1511, 1513, 1517, 1518, 1519, 1520, 1521, 1522, 1524, 1527, 1532, 1533, 1534, 1535, 1536, 1537, 1540, 1544, 1545, 1546, 1547, 1548, 1549, 1550, 1551, 1553], "excluded_lines": [], "start_line": 1}}}}, "totals": {"covered_lines": 332, "num_statements": 836, "percent_covered": 39.71291866028708, "percent_covered_display": "39.71", "missing_lines": 504, "excluded_lines": 0, "percent_statements_covered": 39.71291866028708, "percent_statements_covered_display": "39.71"}}